<?xml version="1.0" encoding="UTF-8"?>
<!-- Generated by org.testng.reporters.JUnitXMLReporter -->
<testsuite ignored="0" hostname="SFTLCRPC085" failures="0" tests="5" name="Default test" time="0.049" errors="0" timestamp="2022-08-04T17:45:09 EEST">
  <testcase classname="curs20.TestExample" name="runMultipleTimes" time="0.004"/>
  <testcase classname="curs20.TestExample" name="runMultipleTimes" time="0.001"/>
  <testcase classname="curs20.TestExample" name="runMultipleTimes" time="0.001"/>
  <testcase classname="curs20.TestExample" name="runMultipleTimes" time="0.001"/>
  <testcase classname="curs20.TestExample" name="testAnnotation" time="0.001"/>
</testsuite> <!-- Default test -->
